Removed Pin From Net: NetName=NetU2_25 Pin=U4-1
Removed Pin From Net: NetName=NetU2_26 Pin=U4-6
Removed Pin From Net: NetName=3V3 Pin=U4-7
Removed Pin From Net: NetName=GND Pin=U4-8
Removed Pin From Net: NetName=VDD_PA Pin=U4-11
Removed Pin From Net: NetName=ANT1 Pin=U4-12
Removed Pin From Net: NetName=ANT2 Pin=U4-13
Removed Pin From Net: NetName=GND Pin=U4-14
Removed Pin From Net: NetName=3V3 Pin=U4-15
Removed Pin From Net: NetName=IREF Pin=U4-16
Removed Pin From Net: NetName=GND Pin=U4-17
Removed Pin From Net: NetName=3V3 Pin=U4-18
Removed Pin From Net: NetName=GND Pin=U4-20
Removed Member From Class: ClassName=U_RADIO_nRF24L01 Member=16MHz
Removed Member From Class: ClassName=U_RADIO_nRF24L01 Member=U4
Added Component: Designator=U?(NRSC-QFN-20_L)
Add component. Clean all parameters for all variants
Add component (AddParameter): Name = "Category"; Value = "RF/IFandRFID"; VariantName = "[No Variations]"
Add component (AddParameter): Name = "Current - Receiving"; Value = "12.6mA~13.5mA"; VariantName = "[No Variations]"
Add component (AddParameter): Name = "Current - Transmitting"; Value = "7mA~11.3mA"; VariantName = "[No Variations]"
Add component (AddParameter): Name = "Data Rate (Max)"; Value = "2Mbps"; VariantName = "[No Variations]"
Add component (AddParameter): Name = "Datasheet URL"; Value = "http://www.nordicsemi.com/eng/content/download/2726/34069/file/nRF24L01P_Product_Specification_1_0.pdf"; VariantName = "[No Variations]"
Add component (AddParameter): Name = "Datasheet Version"; Value = "Rev. 1.0, 09/2008"; VariantName = "[No Variations]"
Add component (AddParameter): Name = "Design Resources"; Value = "DevelopmentToolSelector"; VariantName = "[No Variations]"
Add component (AddParameter): Name = "Family"; Value = "RFTransceiverICs"; VariantName = "[No Variations]"
Add component (AddParameter): Name = "For Use With"; Value = "1490-1002-ND-KITEVALUATIONNRF24L01P1568-1295-ND-SPARKFUNTRANSCEIVERBREAKOUT-1568-1296-ND-SPARKFUNTRANSCEIVERBREAKOUT-1471-1410-ND-DEVBOARDNRFSCLICKNRF24L01P-MODULE-PCB-ND-KITEVALNRF24L01+PCBANTENNANRF24L01P-MODULE-SMA-ND-KITEVALNRF24L01+SMACONNNRF24L01P-UPGRADE-ND-UPGRADE2PCB/1SMANRF24L01103990038-ND-DEVDUINOSENSORNODEV1.3103990053-ND-DEVDUINOSENSORNODEV2(ATMEGA103990074-ND-DEVDUINOSENSORNODE106990026-ND-ENERGYMONITORSHIELDV2113990088-ND-WIRELESSGATESHIELD113990095-ND-DEVDUINOSENSORNODEV3(ATMEGA106030001-ND-ENERGYMONITORSHIELD1597-1361-ND-DEVDUINOSENSORNODEV2.2(ATMEG105990030-ND-RGBWSTRIPWIRELESSSHIELDV1.0"; VariantName = "[No Variations]"
Add component (AddParameter): Name = "Frequency"; Value = "2.4GHz"; VariantName = "[No Variations]"
Add component (AddParameter): Name = "GPIO"; Value = "-"; VariantName = "[No Variations]"
Add component (AddParameter): Name = "Manufacturer"; Value = "Nordic Semiconductor"; VariantName = "[No Variations]"
Add component (AddParameter): Name = "Manufacturer URL"; Value = "http://www.nordicsemi.com/eng/Products/"; VariantName = "[No Variations]"
Add component (AddParameter): Name = "Memory Size"; Value = "-"; VariantName = "[No Variations]"
Add component (AddParameter): Name = "Modulation"; Value = "GFSK"; VariantName = "[No Variations]"
Add component (AddParameter): Name = "Mounting Technology"; Value = "SurfaceMount"; VariantName = "[No Variations]"
Add component (AddParameter): Name = "Online Catalog"; Value = "nRF24L01+"; VariantName = "[No Variations]"
Add component (AddParameter): Name = "Operating Temperature"; Value = "-40°C~85°C"; VariantName = "[No Variations]"
Add component (AddParameter): Name = "Other Names"; Value = "1490-1019"; VariantName = "[No Variations]"
Add component (AddParameter): Name = "Package / Case"; Value = "20-VFQFNExposedPad"; VariantName = "[No Variations]"
Add component (AddParameter): Name = "Package Description"; Value = "20-Pin Quad Flat No-lead Package, Body 4 x 4 mm, Pitch 0.5 mm"; VariantName = "[No Variations]"
Add component (AddParameter): Name = "Package Reference"; Value = "QFN20"; VariantName = "[No Variations]"
Add component (AddParameter): Name = "Packaging"; Value = "Tray"; VariantName = "[No Variations]"
Add component (AddParameter): Name = "Power - Output"; Value = "0dBm"; VariantName = "[No Variations]"
Add component (AddParameter): Name = "Protocol"; Value = "-"; VariantName = "[No Variations]"
Add component (AddParameter): Name = "RF Family/Standard"; Value = "GeneralISM>1GHZ"; VariantName = "[No Variations]"
Add component (AddParameter): Name = "Sensitivity"; Value = "-94dBm"; VariantName = "[No Variations]"
Add component (AddParameter): Name = "Serial Interfaces"; Value = "SPI"; VariantName = "[No Variations]"
Add component (AddParameter): Name = "Series"; Value = "-"; VariantName = "[No Variations]"
Add component (AddParameter): Name = "Standard Package"; Value = "490"; VariantName = "[No Variations]"
Add component (AddParameter): Name = "Type"; Value = "TxRxOnly"; VariantName = "[No Variations]"
Add component (AddParameter): Name = "Voltage - Supply"; Value = "1.9V~3.6V"; VariantName = "[No Variations]"
Added Pin To Net: NetName=NetU2_25 Pin=U?-1
Added Pin To Net: NetName=NetU2_26 Pin=U?-6
Added Pin To Net: NetName=3V3 Pin=U?-7
Added Pin To Net: NetName=GND Pin=U?-8
Added Pin To Net: NetName=VDD_PA Pin=U?-11
Added Pin To Net: NetName=ANT1 Pin=U?-12
Added Pin To Net: NetName=ANT2 Pin=U?-13
Added Pin To Net: NetName=GND Pin=U?-14
Added Pin To Net: NetName=3V3 Pin=U?-15
Added Pin To Net: NetName=IREF Pin=U?-16
Added Pin To Net: NetName=GND Pin=U?-17
Added Pin To Net: NetName=3V3 Pin=U?-18
Added Pin To Net: NetName=GND Pin=U?-20
Added Pin To Net: NetName=GND Pin=U?-21
Added Pin To Net: NetName=GND Pin=Y?-2
Added Pin To Net: NetName=GND Pin=Y?-4
Added Pin To Net: NetName=CLK Pin=U2-51
Added Pin To Net: NetName=CLK Pin=U?-3
Added Net: Name=CLK
Added Pin To Net: NetName=CS Pin=U2-24
Added Pin To Net: NetName=CS Pin=U?-2
Added Net: Name=CS
Added Pin To Net: NetName=DVDD Pin=C21-2
Added Pin To Net: NetName=DVDD Pin=U?-19
Added Net: Name=DVDD
Added Pin To Net: NetName=MISO Pin=U2-52
Added Pin To Net: NetName=MISO Pin=U?-5
Added Net: Name=MISO
Added Pin To Net: NetName=MOSI Pin=U2-53
Added Pin To Net: NetName=MOSI Pin=U?-4
Added Net: Name=MOSI
Added Pin To Net: NetName=NetC17_2 Pin=C17-2
Added Pin To Net: NetName=NetC17_2 Pin=U?-9
Added Pin To Net: NetName=NetC17_2 Pin=Y?-1
Added Net: Name=NetC17_2
Added Pin To Net: NetName=NetC18_2 Pin=C18-2
Added Pin To Net: NetName=NetC18_2 Pin=U?-10
Added Pin To Net: NetName=NetC18_2 Pin=Y?-3
Added Net: Name=NetC18_2
Added Member To Class: ClassName=U_RADIO_nRF24L01 Member=Component U? NRF24L01P-T
