Removed Pin From Net: NetName=GND Pin=J2-2
Removed Pin From Net: NetName=GND Pin=J2-3
Removed Pin From Net: NetName=GND Pin=J2-4
Removed Pin From Net: NetName=GND Pin=J2-5
Change Component Footprint: Designator=* Old Footprint=MIC5392 New Footprint=DFN100P300X300X121_HS-7N
Change Component Designator: OldDesignator=* NewDesignator=U5
Change Component Designator: OldDesignator=* NewDesignator=U6
Added Component: Designator=P4(MCB3-V4)
Add component. Clean all parameters for all variants
Add component (AddParameter): Name = "LatestRevisionDate"; Value = "17-Jul-2002"; VariantName = "[No Variations]"
Add component (AddParameter): Name = "LatestRevisionNote"; Value = "Re-released for DXP Platform."; VariantName = "[No Variations]"
Add component (AddParameter): Name = "Publisher"; Value = "Altium Limited"; VariantName = "[No Variations]"
Added Pin To Net: NetName=GND Pin=P4-2
Added Pin To Net: NetName=GND Pin=P4-2
Added Pin To Net: NetName=VUSB Pin=U5-6
Added Pin To Net: NetName=GND Pin=U5-7
Change Net Name : Old Net Name=Net*_2 New Net Name=NetU4_12
Change Net Name : Old Net Name=Net*_3 New Net Name=NetU4_13
Added Pin To Net: NetName=NetP4_1 Pin=P4-1
Added Net: Name=NetP4_1
Added Member To Class: ClassName=U_RADIO_nRF24L01 Member=Component 16MHz XTAL
Added Member To Class: ClassName=U_MAIN_STM32L476RGT6 Member=Component C1 Cap
Added Member To Class: ClassName=U_MAIN_STM32L476RGT6 Member=Component C2 Cap
Added Member To Class: ClassName=U_HEALTH_MAX86150 Member=Component C3 Cap
Added Member To Class: ClassName=U_HEALTH_MAX86150 Member=Component C4 Cap
Added Member To Class: ClassName=U_HEALTH_MAX86150 Member=Component C5 Cap
Added Member To Class: ClassName=U_HEALTH_MAX86150 Member=Component C6 Cap
Added Member To Class: ClassName=U_HEALTH_MAX86150 Member=Component C7 Cap
Added Member To Class: ClassName=U_HEALTH_MAX86150 Member=Component C8 Cap
Added Member To Class: ClassName=U_HEALTH_MAX86150 Member=Component C9 Cap
Added Member To Class: ClassName=U_HEALTH_MAX86150 Member=Component C10 Cap
Added Member To Class: ClassName=U_ACC_ICM20948 Member=Component C11 Cap
Added Member To Class: ClassName=U_ACC_ICM20948 Member=Component C12 Cap
Added Member To Class: ClassName=U_ACC_ICM20948 Member=Component C13 Cap
Added Member To Class: ClassName=U_MAIN_STM32L476RGT6 Member=Component C14 Cap
Added Member To Class: ClassName=U_MAIN_STM32L476RGT6 Member=Component C15 Cap
Added Member To Class: ClassName=U_RADIO_nRF24L01 Member=Component C16 Cap
Added Member To Class: ClassName=U_RADIO_nRF24L01 Member=Component C17 Cap
Added Member To Class: ClassName=U_RADIO_nRF24L01 Member=Component C18 Cap
Added Member To Class: ClassName=U_RADIO_nRF24L01 Member=Component C19 Cap
Added Member To Class: ClassName=U_RADIO_nRF24L01 Member=Component C20 Cap
Added Member To Class: ClassName=U_RADIO_nRF24L01 Member=Component C21 Cap
Added Member To Class: ClassName=U_MAIN_STM32L476RGT6 Member=Component J1 10118194-0001LF
Added Member To Class: ClassName=U_HEALTH_MAX86150 Member=Component L1 Ferrite Bead
Added Member To Class: ClassName=U_MAIN_STM32L476RGT6 Member=Component P1 DNI
Added Member To Class: ClassName=U_MAIN_STM32L476RGT6 Member=Component P2 Header 2
Added Member To Class: ClassName=U_HEALTH_MAX86150 Member=Component P3 Header 2
Added Member To Class: ClassName=U_RADIO_nRF24L01 Member=Component P4 BNC
Added Member To Class: ClassName=U_HEALTH_MAX86150 Member=Component R1 Res3
Added Member To Class: ClassName=U_HEALTH_MAX86150 Member=Component R2 Res3
Added Member To Class: ClassName=U_HEALTH_MAX86150 Member=Component R3 Res3
Added Member To Class: ClassName=U_HEALTH_MAX86150 Member=Component R4 Res3
Added Member To Class: ClassName=U_HEALTH_MAX86150 Member=Component R5 Res3
Added Member To Class: ClassName=U_HEALTH_MAX86150 Member=Component R6 Res3
Added Member To Class: ClassName=U_HEALTH_MAX86150 Member=Component R7 Res3
Added Member To Class: ClassName=U_HEALTH_MAX86150 Member=Component U1 MAX86150EFF+
Added Member To Class: ClassName=U_MAIN_STM32L476RGT6 Member=Component U2 STM32L476RGT6
Added Member To Class: ClassName=U_ACC_ICM20948 Member=Component U3 ICM-20948
Added Member To Class: ClassName=U_RADIO_nRF24L01 Member=Component U4 NRF24L01P-T
Added Member To Class: ClassName=U_MAIN_STM32L476RGT6 Member=Component U5 MIC5393-SGYMX-TR
Added Member To Class: ClassName=U_RADIO_nRF24L01 Member=Component U6 2450BM14A0002T
