Change Net Name : Old Net Name=ANT1 New Net Name=ANT1_5
Change Net Name : Old Net Name=ANT2 New Net Name=ANT2_5
Change Net Name : Old Net Name=C1_N New Net Name=C1_3_N
Change Net Name : Old Net Name=C1_P New Net Name=C1_3_P
Change Net Name : Old Net Name=DVDD New Net Name=DVDD_5
Change Net Name : Old Net Name=ECG_N New Net Name=ECG_3_N
Change Net Name : Old Net Name=ECG_N_IN New Net Name=ECG_N_IN_3
Change Net Name : Old Net Name=ECG_P New Net Name=ECG_3_P
Change Net Name : Old Net Name=ECG_P_IN New Net Name=ECG_P_IN_3
Change Net Name : Old Net Name=IREF New Net Name=IREF_5
Change Net Name : Old Net Name=REGOUT New Net Name=REGOUT_2
Change Net Name : Old Net Name=RESET New Net Name=RESET_4
Change Net Name : Old Net Name=RF_UNBAL New Net Name=RF_UNBAL_5
Change Net Name : Old Net Name=SWCLK New Net Name=SWCLK_4
Change Net Name : Old Net Name=SWO New Net Name=SWO_4
Change Net Name : Old Net Name=TRACESWO New Net Name=TRACESWO_4
Change Net Name : Old Net Name=UART_RX New Net Name=UART_RX_4
Change Net Name : Old Net Name=UART_TX New Net Name=UART_TX_4
Change Net Name : Old Net Name=V_REF New Net Name=V_REF_3
Change Net Name : Old Net Name=VDD_PA New Net Name=VDD_PA_5
Change Net Name : Old Net Name=VUSB New Net Name=VUSB_4
Change Net Name : Old Net Name=XC1 New Net Name=XC1_5
Change Net Name : Old Net Name=XC2 New Net Name=XC2_5
