Removed Pin From Net: NetName=GND Pin=C16-1
Removed Pin From Net: NetName=GND Pin=C17-1
Removed Pin From Net: NetName=XC2_5 Pin=C17-2
Removed Pin From Net: NetName=GND Pin=C18-1
Removed Pin From Net: NetName=XC1_5 Pin=C18-2
Removed Pin From Net: NetName=GND Pin=C19-1
Removed Pin From Net: NetName=1V8D Pin=C19-2
Removed Pin From Net: NetName=GND Pin=C20-1
Removed Pin From Net: NetName=1V8D Pin=C20-2
Removed Pin From Net: NetName=GND Pin=C21-1
Removed Pin From Net: NetName=DVDD_5 Pin=C21-2
Removed Pin From Net: NetName=RF_UNBAL_5 Pin=P4-1
Removed Pin From Net: NetName=GND Pin=P4-2
Removed Pin From Net: NetName=GND Pin=P4-2
Removed Pin From Net: NetName=SPI2.CLK Pin=P5-1
Removed Pin From Net: NetName=SPI2.CS Pin=P5-4
Removed Pin From Net: NetName=GND Pin=R8-1
Removed Pin From Net: NetName=IREF_5 Pin=R8-2
Removed Pin From Net: NetName=IRQ Pin=U2-38
Removed Pin From Net: NetName=SPI2.CS Pin=U2-39
Removed Pin From Net: NetName=CE Pin=U2-40
Removed Pin From Net: NetName=SPI2.CLK Pin=U2-51
Removed Pin From Net: NetName=CE Pin=U4-1
Removed Pin From Net: NetName=SPI2.CS Pin=U4-2
Removed Pin From Net: NetName=SPI2.CLK Pin=U4-3
Removed Pin From Net: NetName=IRQ Pin=U4-6
Removed Pin From Net: NetName=1V8D Pin=U4-7
Removed Pin From Net: NetName=GND Pin=U4-8
Removed Pin From Net: NetName=XC2_5 Pin=U4-9
Removed Pin From Net: NetName=XC1_5 Pin=U4-10
Removed Pin From Net: NetName=ANT1_5 Pin=U4-12
Removed Pin From Net: NetName=ANT2_5 Pin=U4-13
Removed Pin From Net: NetName=GND Pin=U4-14
Removed Pin From Net: NetName=1V8D Pin=U4-15
Removed Pin From Net: NetName=IREF_5 Pin=U4-16
Removed Pin From Net: NetName=GND Pin=U4-17
Removed Pin From Net: NetName=1V8D Pin=U4-18
Removed Pin From Net: NetName=DVDD_5 Pin=U4-19
Removed Pin From Net: NetName=GND Pin=U4-20
Removed Pin From Net: NetName=GND Pin=U4-21
Removed Pin From Net: NetName=RF_UNBAL_5 Pin=U6-1
Removed Pin From Net: NetName=GND Pin=U6-2
Removed Pin From Net: NetName=ANT2_5 Pin=U6-3
Removed Pin From Net: NetName=ANT1_5 Pin=U6-4
Removed Pin From Net: NetName=XC2_5 Pin=Y1-1
Removed Pin From Net: NetName=GND Pin=Y1-2
Removed Pin From Net: NetName=XC1_5 Pin=Y1-3
Removed Pin From Net: NetName=GND Pin=Y1-4
Change Component Footprint: Designator=P7 Old Footprint=MHDR1X2 New Footprint=HDR1X3-PINS
Change Component Footprint: Designator=P6 Old Footprint=MHDR1X3 New Footprint=HDR1X4-PINS
Change Component Comment : Designator=P7 Old Comment=MHDR1X2 New Comment=MHDR1X3
Change Component Comment : Designator=P6 Old Comment=MHDR1X3 New Comment=MHDR1X4
Added Component: Designator=U5(HDR1X7-PINS)
Add component. Clean all parameters for all variants
Added Component: Designator=U7(HDR1X8-PINS)
Add component. Clean all parameters for all variants
Added Pin To Net: NetName=GND Pin=P6-4
Added Pin To Net: NetName=GND Pin=P7-3
Added Pin To Net: NetName=XC1_5 Pin=U2-10
Added Pin To Net: NetName=SPI2.CS Pin=U2-11
Added Pin To Net: NetName=XC2_5 Pin=U2-26
Added Pin To Net: NetName=ANT2_5 Pin=U2-27
Added Pin To Net: NetName=ANT1_5 Pin=U2-29
Added Pin To Net: NetName=IREF_5 Pin=U2-38
Added Pin To Net: NetName=IRQ Pin=U2-39
Added Pin To Net: NetName=SPI2.CLK Pin=U2-40
Added Pin To Net: NetName=RF_UNBAL_5 Pin=U2-51
Added Pin To Net: NetName=DVDD_5 Pin=U2-52
Added Pin To Net: NetName=CE Pin=U2-53
Added Pin To Net: NetName=1V8D Pin=U5-1
Added Pin To Net: NetName=GND Pin=U5-2
Added Pin To Net: NetName=ANT1_5 Pin=U5-3
Added Pin To Net: NetName=ANT2_5 Pin=U5-4
Added Pin To Net: NetName=XC1_5 Pin=U5-5
Added Pin To Net: NetName=SPI2.CS Pin=U5-6
Added Pin To Net: NetName=XC2_5 Pin=U5-7
Added Pin To Net: NetName=1V8D Pin=U7-1
Added Pin To Net: NetName=GND Pin=U7-2
Added Pin To Net: NetName=SPI2.CLK Pin=U7-3
Added Pin To Net: NetName=IRQ Pin=U7-4
Added Pin To Net: NetName=RF_UNBAL_5 Pin=U7-5
Added Pin To Net: NetName=CE Pin=U7-6
Added Pin To Net: NetName=DVDD_5 Pin=U7-7
Added Pin To Net: NetName=IREF_5 Pin=U7-8
Change Net Name : Old Net Name=ANT1_5 New Net Name=SPI2_CLK_4
Change Net Name : Old Net Name=ANT2_5 New Net Name=SPI2_CE_4
Change Net Name : Old Net Name=CE New Net Name=nRF_MOSI_4
Change Net Name : Old Net Name=DVDD_5 New Net Name=nRF_MISO_4
Change Net Name : Old Net Name=IREF_5 New Net Name=nRF_IRQ_4
Change Net Name : Old Net Name=IRQ New Net Name=nRF_CS_4
Change Net Name : Old Net Name=RF_UNBAL_5 New Net Name=nRF_CLK_4
Change Net Name : Old Net Name=SPI2.CLK New Net Name=nRF_CE_4
Change Net Name : Old Net Name=SPI2.CS New Net Name=SPI2_MOSI_4
Change Net Name : Old Net Name=XC1_5 New Net Name=SPI2_MISO_4
Change Net Name : Old Net Name=XC2_5 New Net Name=SPI2_IRQ_4
Added Member To Class: ClassName=U_MAIN_STM32L476RGT6 Member=Component U5 ICM20948
Added Member To Class: ClassName=U_MAIN_STM32L476RGT6 Member=Component U7 nRF24L01
