Removed Pin From Net: NetName=VUSB_4 Pin=J1-1
Removed Pin From Net: NetName=GND Pin=J1-5
Removed Pin From Net: NetName=1V8D Pin=P7-1
Removed Pin From Net: NetName=VUSB_4 Pin=P7-2
Removed Pin From Net: NetName=GND Pin=P7-3
Removed Pin From Net: NetName=3V3 Pin=U5-1
Removed Pin From Net: NetName=GND Pin=U5-2
Removed Pin From Net: NetName=SPI_CLK Pin=U5-3
Removed Pin From Net: NetName=SPI_CS2_4 Pin=U5-4
Removed Pin From Net: NetName=SPI_MISO Pin=U5-5
Removed Pin From Net: NetName=SPI_MOSI Pin=U5-6
Removed Pin From Net: NetName=3V3 Pin=U?-1
Removed Pin From Net: NetName=I2C_SDA_4 Pin=U?-2
Removed Pin From Net: NetName=SPI_CLK Pin=U?-3
Removed Pin From Net: NetName=RESET_4 Pin=U?-4
Removed Pin From Net: NetName=3V3 Pin=U?-5
Removed Pin From Net: NetName=GND Pin=U?-6
Removed Pin From Net: NetName=nRF_CE_4 Pin=U?-7
Removed Pin From Net: NetName=nRF_CS_4 Pin=U?-8
Removed Pin From Net: NetName=UART_TX_4 Pin=U?-9
Removed Pin From Net: NetName=UART_RX_4 Pin=U?-10
Removed Pin From Net: NetName=SPI_CS1 Pin=U?-11
Removed Pin From Net: NetName=SPI_CS2_4 Pin=U?-12
Removed Pin From Net: NetName=GND Pin=U?-16
Removed Pin From Net: NetName=3V3 Pin=U?-17
Removed Pin From Net: NetName=nRF_IRQ_4 Pin=U?-18
Removed Pin From Net: NetName=I2C_SCL_4 Pin=U?-19
Removed Pin From Net: NetName=SPI_MISO Pin=U?-20
Removed Pin From Net: NetName=SPI_MOSI Pin=U?-21
Removed Pin From Net: NetName=SWDIO_4 Pin=U?-23
Removed Pin From Net: NetName=SWCLK_4 Pin=U?-24
Removed Pin From Net: NetName=nRF_CLK_4 Pin=U?-26
Removed Pin From Net: NetName=nRF_MISO_4 Pin=U?-27
Removed Pin From Net: NetName=nRF_MOSI_4 Pin=U?-28
Removed Pin From Net: NetName=GND Pin=U?-31
Removed Pin From Net: NetName=GND Pin=U?-32
Removed Pin From Net: NetName=GND Pin=U?-33
Removed Member From Class: ClassName=U_MAIN_STM32L476RGT6 Member=J1
Removed Member From Class: ClassName=U_MAIN_STM32L476RGT6 Member=P7
Removed Member From Class: ClassName=U_MAIN_STM32L476RGT6 Member=U5
Removed Member From Class: ClassName=U_MAIN_STM32L476RGT6 Member=U?
Change Component Footprint: Designator=P1 Old Footprint=TC2030 New Footprint=TC2030-NL
Added Component: Designator=P3(MHDR1X6)
Add component. Clean all parameters for all variants
Add component (AddParameter): Name = "LatestRevisionDate"; Value = "17-Jul-2002"; VariantName = "[No Variations]"
Add component (AddParameter): Name = "LatestRevisionNote"; Value = "Re-released for DXP Platform."; VariantName = "[No Variations]"
Add component (AddParameter): Name = "Publisher"; Value = "Altium Limited"; VariantName = "[No Variations]"
Added Component: Designator=P4(JST-S2B-PH-K-S_V)
Add component. Clean all parameters for all variants
Add component (AddParameter): Name = "Capacitance"; Value = "10 uF"; VariantName = "[No Variations]"
Add component (AddParameter): Name = "Case\Package"; Value = "Radial"; VariantName = "[No Variations]"
Add component (AddParameter): Name = "ComponentLink1Description"; Value = "Datasheet"; VariantName = "[No Variations]"
Add component (AddParameter): Name = "ComponentLink1URL"; Value = "http://www.jst-mfg.com/product/pdf/eng/ePH.pdf"; VariantName = "[No Variations]"
Add component (AddParameter): Name = "DatasheetVersion"; Value = "Dec-12"; VariantName = "[No Variations]"
Add component (AddParameter): Name = "Diameter"; Value = "5 mm"; VariantName = "[No Variations]"
Add component (AddParameter): Name = "Height"; Value = "11 mm"; VariantName = "[No Variations]"
Add component (AddParameter): Name = "Lead Pitch"; Value = "2 mm"; VariantName = "[No Variations]"
Add component (AddParameter): Name = "Length"; Value = "11 mm"; VariantName = "[No Variations]"
Add component (AddParameter): Name = "Max Operating Temperature"; Value = "85 degC"; VariantName = "[No Variations]"
Add component (AddParameter): Name = "Min Operating Temperature"; Value = "-40 degC"; VariantName = "[No Variations]"
Add component (AddParameter): Name = "Mount"; Value = "Through Hole"; VariantName = "[No Variations]"
Add component (AddParameter): Name = "PackageDescription"; Value = "Male Header, Pitch 2 mm, 1 x 2 Position, Height 4.8 mm, Tail Length 3.4 mm"; VariantName = "[No Variations]"
Add component (AddParameter): Name = "Package Quantity"; Value = "200"; VariantName = "[No Variations]"
Add component (AddParameter): Name = "PackageReference"; Value = "S2B-PH-K-S"; VariantName = "[No Variations]"
Add component (AddParameter): Name = "Packaging"; Value = "Bulk"; VariantName = "[No Variations]"
Add component (AddParameter): Name = "Pins"; Value = "2"; VariantName = "[No Variations]"
Add component (AddParameter): Name = "Radiation Hardening"; Value = "No"; VariantName = "[No Variations]"
Add component (AddParameter): Name = "REACH SVHC"; Value = "No SVHC"; VariantName = "[No Variations]"
Add component (AddParameter): Name = "RoHSCompliant"; Value = "true"; VariantName = "[No Variations]"
Add component (AddParameter): Name = "Tolerance"; Value = "20%"; VariantName = "[No Variations]"
Add component (AddParameter): Name = "Voltage Rating"; Value = "50 V"; VariantName = "[No Variations]"
Add component (AddParameter): Name = "Voltage Rating (DC)"; Value = "50 V"; VariantName = "[No Variations]"
Added Component: Designator=U2(STM-UFQFPN32_L)
Add component. Clean all parameters for all variants
Add component (AddParameter): Name = "ComponentLink1Description"; Value = "Manufacturer URL"; VariantName = "[No Variations]"
Add component (AddParameter): Name = "ComponentLink1URL"; Value = "http://www.st.com/"; VariantName = "[No Variations]"
Add component (AddParameter): Name = "ComponentLink2Description"; Value = "Datasheet"; VariantName = "[No Variations]"
Add component (AddParameter): Name = "ComponentLink2URL"; Value = "http://www.st.com/st-web-ui/static/active/en/resource/technical/document/datasheet/DM00093332.pdf"; VariantName = "[No Variations]"
Add component (AddParameter): Name = "Core"; Value = "ARM Cortex-M4"; VariantName = "[No Variations]"
Add component (AddParameter): Name = "D/A Converter"; Value = "1"; VariantName = "[No Variations]"
Add component (AddParameter): Name = "DatasheetVersion"; Value = "Rev. 6"; VariantName = "[No Variations]"
Add component (AddParameter): Name = "FLASH Size (Prog) (kB)"; Value = "64"; VariantName = "[No Variations]"
Add component (AddParameter): Name = "I/Os (High Current)"; Value = "24"; VariantName = "[No Variations]"
Add component (AddParameter): Name = "Internal RAM Size (kB)"; Value = "16"; VariantName = "[No Variations]"
Add component (AddParameter): Name = "Mounting Technology"; Value = "Surface Mount"; VariantName = "[No Variations]"
Add component (AddParameter): Name = "Operating Frequency(F) (Processor speed) (MHz)"; Value = "72"; VariantName = "[No Variations]"
Add component (AddParameter): Name = "Package Description"; Value = "32-Pin Ultra Thin Fine Pitch Quad Flat No-Lead, 5 x 5 x 0.6 mm Body, 0.5 mm Pitch, Exposed Pad 3.5 x 3.5 mm"; VariantName = "[No Variations]"
Add component (AddParameter): Name = "Package Reference"; Value = "UFQFPN32"; VariantName = "[No Variations]"
Add component (AddParameter): Name = "Packing"; Value = "Tray"; VariantName = "[No Variations]"
Add component (AddParameter): Name = "Supply Voltage(Vcc) min (V)"; Value = "2"; VariantName = "[No Variations]"
Added Pin To Net: NetName=3V3 Pin=P3-1
Added Pin To Net: NetName=GND Pin=P3-2
Added Pin To Net: NetName=SPI_CLK Pin=P3-3
Added Pin To Net: NetName=SPI_CS2_4 Pin=P3-4
Added Pin To Net: NetName=SPI_MISO Pin=P3-5
Added Pin To Net: NetName=SPI_MOSI Pin=P3-6
Added Pin To Net: NetName=VUSB_4 Pin=P4-1
Added Pin To Net: NetName=GND Pin=P4-2
Added Pin To Net: NetName=3V3 Pin=U2-1
Added Pin To Net: NetName=I2C_SDA_4 Pin=U2-2
Added Pin To Net: NetName=SPI_CLK Pin=U2-3
Added Pin To Net: NetName=RESET_4 Pin=U2-4
Added Pin To Net: NetName=3V3 Pin=U2-5
Added Pin To Net: NetName=GND Pin=U2-6
Added Pin To Net: NetName=nRF_CE_4 Pin=U2-7
Added Pin To Net: NetName=nRF_CS_4 Pin=U2-8
Added Pin To Net: NetName=UART_TX_4 Pin=U2-9
Added Pin To Net: NetName=UART_RX_4 Pin=U2-10
Added Pin To Net: NetName=SPI_CS1 Pin=U2-11
Added Pin To Net: NetName=SPI_CS2_4 Pin=U2-12
Added Pin To Net: NetName=GND Pin=U2-16
Added Pin To Net: NetName=3V3 Pin=U2-17
Added Pin To Net: NetName=nRF_IRQ_4 Pin=U2-18
Added Pin To Net: NetName=I2C_SCL_4 Pin=U2-19
Added Pin To Net: NetName=SPI_MISO Pin=U2-20
Added Pin To Net: NetName=SPI_MOSI Pin=U2-21
Added Pin To Net: NetName=SWDIO_4 Pin=U2-23
Added Pin To Net: NetName=SWCLK_4 Pin=U2-24
Added Pin To Net: NetName=nRF_CLK_4 Pin=U2-26
Added Pin To Net: NetName=nRF_MISO_4 Pin=U2-27
Added Pin To Net: NetName=nRF_MOSI_4 Pin=U2-28
Added Pin To Net: NetName=GND Pin=U2-31
Added Pin To Net: NetName=GND Pin=U2-32
Added Pin To Net: NetName=GND Pin=U2-33
Added Member To Class: ClassName=U_MAIN_STM32L476RGT6 Member=Component P3 MHDR1X6
Added Member To Class: ClassName=U_MAIN_STM32L476RGT6 Member=Component P4 S2B-PH-K-S(LF)(SN)
Added Member To Class: ClassName=U_MAIN_STM32L476RGT6 Member=Component U2 STM32F301K8U6
